<?xml version="1.0" encoding="UTF-8"?>
<robot generator="Robot 5.0 (Python 3.10.2 on win32)" generated="20220410 22:26:11.516" rpa="false" schemaversion="3">
<suite id="s1" name="Hosp" source="C:\Users\sherl\PycharmProjects\Robotic Framework Book Management\Tests\Hospital\FunctionalTestSuite\Hosp.robot">
<test id="s1-t1" name="1:Admin Login Test" line="8">
<kw name="Open Browser" library="SeleniumLibrary">
<arg>${web_url}</arg>
<arg>chrome</arg>
<doc>Opens a new browser instance to the optional ``url``.</doc>
<msg timestamp="20220410 22:26:12.136" level="INFO">Opening browser 'chrome' to base url 'http://127.0.0.1:5000'.</msg>
<status status="PASS" starttime="20220410 22:26:12.135" endtime="20220410 22:26:14.136"/>
</kw>
<kw name="Maximize Browser Window" library="SeleniumLibrary">
<doc>Maximizes current browser window.</doc>
<status status="PASS" starttime="20220410 22:26:14.139" endtime="20220410 22:26:14.276"/>
</kw>
<kw name="Sleep" library="BuiltIn">
<arg>1s</arg>
<doc>Pauses the test executed for the given time.</doc>
<msg timestamp="20220410 22:26:15.287" level="INFO">Slept 1 second</msg>
<status status="PASS" starttime="20220410 22:26:14.278" endtime="20220410 22:26:15.288"/>
</kw>
<kw name="Test 1 admname">
<kw name="Input Text" library="SeleniumLibrary">
<arg>name:username</arg>
<arg>admin</arg>
<doc>Types the given ``text`` into the text field identified by ``locator``.</doc>
<msg timestamp="20220410 22:26:15.298" level="INFO">Typing text 'admin' into text field 'name:username'.</msg>
<status status="PASS" starttime="20220410 22:26:15.295" endtime="20220410 22:26:16.680"/>
</kw>
<status status="PASS" starttime="20220410 22:26:15.291" endtime="20220410 22:26:16.682"/>
</kw>
<kw name="Test 1 Admpass">
<kw name="Input Text" library="SeleniumLibrary">
<arg>name:password</arg>
<arg>12345</arg>
<doc>Types the given ``text`` into the text field identified by ``locator``.</doc>
<msg timestamp="20220410 22:26:16.691" level="INFO">Typing text '12345' into text field 'name:password'.</msg>
<status status="PASS" starttime="20220410 22:26:16.689" endtime="20220410 22:26:17.812"/>
</kw>
<status status="PASS" starttime="20220410 22:26:16.685" endtime="20220410 22:26:17.814"/>
</kw>
<kw name="Sleep" library="BuiltIn">
<arg>1s</arg>
<doc>Pauses the test executed for the given time.</doc>
<msg timestamp="20220410 22:26:18.827" level="INFO">Slept 1 second</msg>
<status status="PASS" starttime="20220410 22:26:17.818" endtime="20220410 22:26:18.828"/>
</kw>
<kw name="Click Button" library="SeleniumLibrary">
<arg>xpath=//html/body/div/div/div/form/table/tbody/tr[3]/td[2]/button</arg>
<doc>Clicks the button identified by ``locator``.</doc>
<msg timestamp="20220410 22:26:18.833" level="INFO">Clicking button 'xpath=//html/body/div/div/div/form/table/tbody/tr[3]/td[2]/button'.</msg>
<status status="PASS" starttime="20220410 22:26:18.831" endtime="20220410 22:26:19.926"/>
</kw>
<kw name="Sleep" library="BuiltIn">
<arg>1s</arg>
<doc>Pauses the test executed for the given time.</doc>
<msg timestamp="20220410 22:26:20.930" level="INFO">Slept 1 second</msg>
<status status="PASS" starttime="20220410 22:26:19.929" endtime="20220410 22:26:20.930"/>
</kw>
<kw name="Close Browser" library="SeleniumLibrary">
<doc>Closes the current browser.</doc>
<status status="PASS" starttime="20220410 22:26:20.930" endtime="20220410 22:26:25.103"/>
</kw>
<doc>This Test is used for Admin Login</doc>
<tag>Admin</tag>
<status status="PASS" starttime="20220410 22:26:12.134" endtime="20220410 22:26:25.110"/>
</test>
<test id="s1-t2" name="2:Add Patient test" line="21">
<kw name="Open Browser" library="SeleniumLibrary">
<arg>${web_url}</arg>
<arg>chrome</arg>
<doc>Opens a new browser instance to the optional ``url``.</doc>
<msg timestamp="20220410 22:26:25.128" level="INFO">Opening browser 'chrome' to base url 'http://127.0.0.1:5000'.</msg>
<status status="PASS" starttime="20220410 22:26:25.126" endtime="20220410 22:26:28.062"/>
</kw>
<kw name="Maximize Browser Window" library="SeleniumLibrary">
<doc>Maximizes current browser window.</doc>
<status status="PASS" starttime="20220410 22:26:28.062" endtime="20220410 22:26:28.195"/>
</kw>
<kw name="Sleep" library="BuiltIn">
<arg>2s</arg>
<doc>Pauses the test executed for the given time.</doc>
<msg timestamp="20220410 22:26:30.211" level="INFO">Slept 2 seconds</msg>
<status status="PASS" starttime="20220410 22:26:28.197" endtime="20220410 22:26:30.213"/>
</kw>
<kw name="Test 1 admname">
<kw name="Input Text" library="SeleniumLibrary">
<arg>name:username</arg>
<arg>admin</arg>
<doc>Types the given ``text`` into the text field identified by ``locator``.</doc>
<msg timestamp="20220410 22:26:30.225" level="INFO">Typing text 'admin' into text field 'name:username'.</msg>
<status status="PASS" starttime="20220410 22:26:30.222" endtime="20220410 22:26:31.391"/>
</kw>
<status status="PASS" starttime="20220410 22:26:30.219" endtime="20220410 22:26:31.393"/>
</kw>
<kw name="Test 1 Admpass">
<kw name="Input Text" library="SeleniumLibrary">
<arg>name:password</arg>
<arg>12345</arg>
<doc>Types the given ``text`` into the text field identified by ``locator``.</doc>
<msg timestamp="20220410 22:26:31.414" level="INFO">Typing text '12345' into text field 'name:password'.</msg>
<status status="PASS" starttime="20220410 22:26:31.410" endtime="20220410 22:26:32.288"/>
</kw>
<status status="PASS" starttime="20220410 22:26:31.406" endtime="20220410 22:26:32.293"/>
</kw>
<kw name="Sleep" library="BuiltIn">
<arg>1s</arg>
<doc>Pauses the test executed for the given time.</doc>
<msg timestamp="20220410 22:26:33.326" level="INFO">Slept 1 second</msg>
<status status="PASS" starttime="20220410 22:26:32.305" endtime="20220410 22:26:33.328"/>
</kw>
<kw name="Click Button" library="SeleniumLibrary">
<arg>xpath=//html/body/div/div/div/form/table/tbody/tr[3]/td[2]/button</arg>
<doc>Clicks the button identified by ``locator``.</doc>
<msg timestamp="20220410 22:26:33.342" level="INFO">Clicking button 'xpath=//html/body/div/div/div/form/table/tbody/tr[3]/td[2]/button'.</msg>
<status status="PASS" starttime="20220410 22:26:33.340" endtime="20220410 22:26:33.962"/>
</kw>
<kw name="Sleep" library="BuiltIn">
<arg>1s</arg>
<doc>Pauses the test executed for the given time.</doc>
<msg timestamp="20220410 22:26:34.982" level="INFO">Slept 1 second</msg>
<status status="PASS" starttime="20220410 22:26:33.965" endtime="20220410 22:26:34.982"/>
</kw>
<kw name="Test 2 Name">
<kw name="Input Text" library="SeleniumLibrary">
<arg>name:name</arg>
<arg>Akash</arg>
<doc>Types the given ``text`` into the text field identified by ``locator``.</doc>
<msg timestamp="20220410 22:26:34.983" level="INFO">Typing text 'Akash' into text field 'name:name'.</msg>
<status status="PASS" starttime="20220410 22:26:34.983" endtime="20220410 22:26:35.087"/>
</kw>
<status status="PASS" starttime="20220410 22:26:34.983" endtime="20220410 22:26:35.087"/>
</kw>
<kw name="Sleep" library="BuiltIn">
<arg>1s</arg>
<doc>Pauses the test executed for the given time.</doc>
<msg timestamp="20220410 22:26:36.100" level="INFO">Slept 1 second</msg>
<status status="PASS" starttime="20220410 22:26:35.088" endtime="20220410 22:26:36.101"/>
</kw>
<kw name="Test 2 MobileNumber">
<kw name="Input Text" library="SeleniumLibrary">
<arg>name:mobnumber</arg>
<arg>9345678021</arg>
<doc>Types the given ``text`` into the text field identified by ``locator``.</doc>
<msg timestamp="20220410 22:26:36.114" level="INFO">Typing text '9345678021' into text field 'name:mobnumber'.</msg>
<status status="PASS" starttime="20220410 22:26:36.111" endtime="20220410 22:26:37.352"/>
</kw>
<status status="PASS" starttime="20220410 22:26:36.108" endtime="20220410 22:26:37.355"/>
</kw>
<kw name="Sleep" library="BuiltIn">
<arg>1s</arg>
<doc>Pauses the test executed for the given time.</doc>
<msg timestamp="20220410 22:26:38.392" level="INFO">Slept 1 second</msg>
<status status="PASS" starttime="20220410 22:26:37.374" endtime="20220410 22:26:38.393"/>
</kw>
<kw name="Test 2 Age">
<kw name="Input Text" library="SeleniumLibrary">
<arg>name:age</arg>
<arg>20</arg>
<doc>Types the given ``text`` into the text field identified by ``locator``.</doc>
<msg timestamp="20220410 22:26:38.404" level="INFO">Typing text '20' into text field 'name:age'.</msg>
<status status="PASS" starttime="20220410 22:26:38.401" endtime="20220410 22:26:39.189"/>
</kw>
<status status="PASS" starttime="20220410 22:26:38.397" endtime="20220410 22:26:39.190"/>
</kw>
<kw name="Sleep" library="BuiltIn">
<arg>1s</arg>
<doc>Pauses the test executed for the given time.</doc>
<msg timestamp="20220410 22:26:40.204" level="INFO">Slept 1 second</msg>
<status status="PASS" starttime="20220410 22:26:39.193" endtime="20220410 22:26:40.206"/>
</kw>
<kw name="Test 2 Address">
<kw name="Input Text" library="SeleniumLibrary">
<arg>name:address</arg>
<arg>54</arg>
<doc>Types the given ``text`` into the text field identified by ``locator``.</doc>
<msg timestamp="20220410 22:26:40.214" level="INFO">Typing text '54' into text field 'name:address'.</msg>
<status status="PASS" starttime="20220410 22:26:40.211" endtime="20220410 22:26:40.800"/>
</kw>
<status status="PASS" starttime="20220410 22:26:40.208" endtime="20220410 22:26:40.801"/>
</kw>
<kw name="Sleep" library="BuiltIn">
<arg>1s</arg>
<doc>Pauses the test executed for the given time.</doc>
<msg timestamp="20220410 22:26:41.809" level="INFO">Slept 1 second</msg>
<status status="PASS" starttime="20220410 22:26:40.802" endtime="20220410 22:26:41.809"/>
</kw>
<kw name="Test 2 Dob">
<kw name="Input Text" library="SeleniumLibrary">
<arg>name:dob</arg>
<arg>10-08-2001</arg>
<doc>Types the given ``text`` into the text field identified by ``locator``.</doc>
<msg timestamp="20220410 22:26:41.810" level="INFO">Typing text '10-08-2001' into text field 'name:dob'.</msg>
<status status="PASS" starttime="20220410 22:26:41.809" endtime="20220410 22:26:41.910"/>
</kw>
<status status="PASS" starttime="20220410 22:26:41.809" endtime="20220410 22:26:41.910"/>
</kw>
<kw name="Sleep" library="BuiltIn">
<arg>1s</arg>
<doc>Pauses the test executed for the given time.</doc>
<msg timestamp="20220410 22:26:42.914" level="INFO">Slept 1 second</msg>
<status status="PASS" starttime="20220410 22:26:41.911" endtime="20220410 22:26:42.915"/>
</kw>
<kw name="Test 2 Place">
<kw name="Input Text" library="SeleniumLibrary">
<arg>name:place</arg>
<arg>Chennai</arg>
<doc>Types the given ``text`` into the text field identified by ``locator``.</doc>
<msg timestamp="20220410 22:26:42.930" level="INFO">Typing text 'Chennai' into text field 'name:place'.</msg>
<status status="PASS" starttime="20220410 22:26:42.927" endtime="20220410 22:26:43.868"/>
</kw>
<status status="PASS" starttime="20220410 22:26:42.924" endtime="20220410 22:26:43.870"/>
</kw>
<kw name="Sleep" library="BuiltIn">
<arg>1s</arg>
<doc>Pauses the test executed for the given time.</doc>
<msg timestamp="20220410 22:26:44.893" level="INFO">Slept 1 second</msg>
<status status="PASS" starttime="20220410 22:26:43.879" endtime="20220410 22:26:44.896"/>
</kw>
<kw name="Test 2 Pincode">
<kw name="Input Text" library="SeleniumLibrary">
<arg>name:pincode</arg>
<arg>600028</arg>
<doc>Types the given ``text`` into the text field identified by ``locator``.</doc>
<msg timestamp="20220410 22:26:44.917" level="INFO">Typing text '600028' into text field 'name:pincode'.</msg>
<status status="PASS" starttime="20220410 22:26:44.913" endtime="20220410 22:26:46.063"/>
</kw>
<status status="PASS" starttime="20220410 22:26:44.909" endtime="20220410 22:26:46.065"/>
</kw>
<kw name="Sleep" library="BuiltIn">
<arg>1s</arg>
<doc>Pauses the test executed for the given time.</doc>
<msg timestamp="20220410 22:26:47.085" level="INFO">Slept 1 second</msg>
<status status="PASS" starttime="20220410 22:26:46.070" endtime="20220410 22:26:47.086"/>
</kw>
<kw name="Click Button" library="SeleniumLibrary">
<arg>xpath=//html/body/div/div/div/form/table/tbody/tr[8]/td[2]/button</arg>
<doc>Clicks the button identified by ``locator``.</doc>
<msg timestamp="20220410 22:26:47.098" level="INFO">Clicking button 'xpath=//html/body/div/div/div/form/table/tbody/tr[8]/td[2]/button'.</msg>
<status status="PASS" starttime="20220410 22:26:47.095" endtime="20220410 22:26:47.899"/>
</kw>
<kw name="Sleep" library="BuiltIn">
<arg>2s</arg>
<doc>Pauses the test executed for the given time.</doc>
<msg timestamp="20220410 22:26:49.915" level="INFO">Slept 2 seconds</msg>
<status status="PASS" starttime="20220410 22:26:47.900" endtime="20220410 22:26:49.915"/>
</kw>
<kw name="Close Browser" library="SeleniumLibrary">
<doc>Closes the current browser.</doc>
<status status="PASS" starttime="20220410 22:26:49.918" endtime="20220410 22:26:56.108"/>
</kw>
<doc>This Test is used to Add a Patient</doc>
<tag>Admin</tag>
<status status="PASS" starttime="20220410 22:26:25.121" endtime="20220410 22:26:56.110"/>
</test>
<test id="s1-t3" name="3.View All Patients test" line="51">
<kw name="Open Browser" library="SeleniumLibrary">
<arg>${web_url}</arg>
<arg>chrome</arg>
<doc>Opens a new browser instance to the optional ``url``.</doc>
<msg timestamp="20220410 22:26:56.116" level="INFO">Opening browser 'chrome' to base url 'http://127.0.0.1:5000'.</msg>
<status status="PASS" starttime="20220410 22:26:56.115" endtime="20220410 22:26:58.004"/>
</kw>
<kw name="Maximize Browser Window" library="SeleniumLibrary">
<doc>Maximizes current browser window.</doc>
<status status="PASS" starttime="20220410 22:26:58.009" endtime="20220410 22:26:58.152"/>
</kw>
<kw name="Sleep" library="BuiltIn">
<arg>2s</arg>
<doc>Pauses the test executed for the given time.</doc>
<msg timestamp="20220410 22:27:00.155" level="INFO">Slept 2 seconds</msg>
<status status="PASS" starttime="20220410 22:26:58.153" endtime="20220410 22:27:00.158"/>
</kw>
<kw name="Test 1 admname">
<kw name="Input Text" library="SeleniumLibrary">
<arg>name:username</arg>
<arg>admin</arg>
<doc>Types the given ``text`` into the text field identified by ``locator``.</doc>
<msg timestamp="20220410 22:27:00.186" level="INFO">Typing text 'admin' into text field 'name:username'.</msg>
<status status="PASS" starttime="20220410 22:27:00.183" endtime="20220410 22:27:01.456"/>
</kw>
<status status="PASS" starttime="20220410 22:27:00.179" endtime="20220410 22:27:01.458"/>
</kw>
<kw name="Test 1 Admpass">
<kw name="Input Text" library="SeleniumLibrary">
<arg>name:password</arg>
<arg>12345</arg>
<doc>Types the given ``text`` into the text field identified by ``locator``.</doc>
<msg timestamp="20220410 22:27:01.478" level="INFO">Typing text '12345' into text field 'name:password'.</msg>
<status status="PASS" starttime="20220410 22:27:01.476" endtime="20220410 22:27:02.436"/>
</kw>
<status status="PASS" starttime="20220410 22:27:01.472" endtime="20220410 22:27:02.438"/>
</kw>
<kw name="Sleep" library="BuiltIn">
<arg>1s</arg>
<doc>Pauses the test executed for the given time.</doc>
<msg timestamp="20220410 22:27:03.447" level="INFO">Slept 1 second</msg>
<status status="PASS" starttime="20220410 22:27:02.445" endtime="20220410 22:27:03.449"/>
</kw>
<kw name="Click Button" library="SeleniumLibrary">
<arg>xpath=//html/body/div/div/div/form/table/tbody/tr[3]/td[2]/button</arg>
<doc>Clicks the button identified by ``locator``.</doc>
<msg timestamp="20220410 22:27:03.457" level="INFO">Clicking button 'xpath=//html/body/div/div/div/form/table/tbody/tr[3]/td[2]/button'.</msg>
<status status="PASS" starttime="20220410 22:27:03.451" endtime="20220410 22:27:03.905"/>
</kw>
<kw name="Sleep" library="BuiltIn">
<arg>1s</arg>
<doc>Pauses the test executed for the given time.</doc>
<msg timestamp="20220410 22:27:04.910" level="INFO">Slept 1 second</msg>
<status status="PASS" starttime="20220410 22:27:03.906" endtime="20220410 22:27:04.910"/>
</kw>
<kw name="Click Element" library="SeleniumLibrary">
<arg>xpath=//html/body/nav[2]/div/div/ul/li[2]/a</arg>
<doc>Click the element identified by ``locator``.</doc>
<msg timestamp="20220410 22:27:04.911" level="INFO">Clicking element 'xpath=//html/body/nav[2]/div/div/ul/li[2]/a'.</msg>
<status status="PASS" starttime="20220410 22:27:04.910" endtime="20220410 22:27:05.041"/>
</kw>
<kw name="Sleep" library="BuiltIn">
<arg>2s</arg>
<doc>Pauses the test executed for the given time.</doc>
<msg timestamp="20220410 22:27:07.052" level="INFO">Slept 2 seconds</msg>
<status status="PASS" starttime="20220410 22:27:05.042" endtime="20220410 22:27:07.054"/>
</kw>
<kw name="Close Browser" library="SeleniumLibrary">
<doc>Closes the current browser.</doc>
<status status="PASS" starttime="20220410 22:27:07.068" endtime="20220410 22:27:13.473"/>
</kw>
<doc>This Test is used to Add a Patient</doc>
<tag>Admin</tag>
<status status="PASS" starttime="20220410 22:26:56.113" endtime="20220410 22:27:13.480"/>
</test>
<test id="s1-t4" name="4.Search for Patient test" line="66">
<kw name="Open Browser" library="SeleniumLibrary">
<arg>${web_url}</arg>
<arg>chrome</arg>
<doc>Opens a new browser instance to the optional ``url``.</doc>
<msg timestamp="20220410 22:27:13.498" level="INFO">Opening browser 'chrome' to base url 'http://127.0.0.1:5000'.</msg>
<status status="PASS" starttime="20220410 22:27:13.495" endtime="20220410 22:27:18.804"/>
</kw>
<kw name="Maximize Browser Window" library="SeleniumLibrary">
<doc>Maximizes current browser window.</doc>
<status status="PASS" starttime="20220410 22:27:18.804" endtime="20220410 22:27:18.946"/>
</kw>
<kw name="Sleep" library="BuiltIn">
<arg>2s</arg>
<doc>Pauses the test executed for the given time.</doc>
<msg timestamp="20220410 22:27:20.961" level="INFO">Slept 2 seconds</msg>
<status status="PASS" starttime="20220410 22:27:18.947" endtime="20220410 22:27:20.963"/>
</kw>
<kw name="Test 1 admname">
<kw name="Input Text" library="SeleniumLibrary">
<arg>name:username</arg>
<arg>admin</arg>
<doc>Types the given ``text`` into the text field identified by ``locator``.</doc>
<msg timestamp="20220410 22:27:20.979" level="INFO">Typing text 'admin' into text field 'name:username'.</msg>
<status status="PASS" starttime="20220410 22:27:20.975" endtime="20220410 22:27:22.046"/>
</kw>
<status status="PASS" starttime="20220410 22:27:20.970" endtime="20220410 22:27:22.047"/>
</kw>
<kw name="Test 1 Admpass">
<kw name="Input Text" library="SeleniumLibrary">
<arg>name:password</arg>
<arg>12345</arg>
<doc>Types the given ``text`` into the text field identified by ``locator``.</doc>
<msg timestamp="20220410 22:27:22.057" level="INFO">Typing text '12345' into text field 'name:password'.</msg>
<status status="PASS" starttime="20220410 22:27:22.054" endtime="20220410 22:27:23.038"/>
</kw>
<status status="PASS" starttime="20220410 22:27:22.050" endtime="20220410 22:27:23.040"/>
</kw>
<kw name="Sleep" library="BuiltIn">
<arg>1s</arg>
<doc>Pauses the test executed for the given time.</doc>
<msg timestamp="20220410 22:27:24.072" level="INFO">Slept 1 second</msg>
<status status="PASS" starttime="20220410 22:27:23.045" endtime="20220410 22:27:24.073"/>
</kw>
<kw name="Click Button" library="SeleniumLibrary">
<arg>xpath=//html/body/div/div/div/form/table/tbody/tr[3]/td[2]/button</arg>
<doc>Clicks the button identified by ``locator``.</doc>
<msg timestamp="20220410 22:27:24.078" level="INFO">Clicking button 'xpath=//html/body/div/div/div/form/table/tbody/tr[3]/td[2]/button'.</msg>
<status status="PASS" starttime="20220410 22:27:24.076" endtime="20220410 22:27:24.799"/>
</kw>
<kw name="Sleep" library="BuiltIn">
<arg>1s</arg>
<doc>Pauses the test executed for the given time.</doc>
<msg timestamp="20220410 22:27:25.806" level="INFO">Slept 1 second</msg>
<status status="PASS" starttime="20220410 22:27:24.800" endtime="20220410 22:27:25.806"/>
</kw>
<kw name="Click Element" library="SeleniumLibrary">
<arg>xpath=//html/body/nav[2]/div/div/ul/li[3]/a</arg>
<doc>Click the element identified by ``locator``.</doc>
<msg timestamp="20220410 22:27:25.807" level="INFO">Clicking element 'xpath=//html/body/nav[2]/div/div/ul/li[3]/a'.</msg>
<status status="PASS" starttime="20220410 22:27:25.806" endtime="20220410 22:27:25.933"/>
</kw>
<kw name="Sleep" library="BuiltIn">
<arg>2s</arg>
<doc>Pauses the test executed for the given time.</doc>
<msg timestamp="20220410 22:27:27.945" level="INFO">Slept 2 seconds</msg>
<status status="PASS" starttime="20220410 22:27:25.935" endtime="20220410 22:27:27.946"/>
</kw>
<kw name="Test 4 MobileNumber">
<kw name="Input Text" library="SeleniumLibrary">
<arg>name:mobnumber</arg>
<arg>8220062948</arg>
<doc>Types the given ``text`` into the text field identified by ``locator``.</doc>
<msg timestamp="20220410 22:27:27.957" level="INFO">Typing text '8220062948' into text field 'name:mobnumber'.</msg>
<status status="PASS" starttime="20220410 22:27:27.954" endtime="20220410 22:27:28.926"/>
</kw>
<status status="PASS" starttime="20220410 22:27:27.951" endtime="20220410 22:27:28.927"/>
</kw>
<kw name="Sleep" library="BuiltIn">
<arg>1s</arg>
<doc>Pauses the test executed for the given time.</doc>
<msg timestamp="20220410 22:27:29.953" level="INFO">Slept 1 second</msg>
<status status="PASS" starttime="20220410 22:27:28.938" endtime="20220410 22:27:29.954"/>
</kw>
<kw name="Click Button" library="SeleniumLibrary">
<arg>xpath=//html/body/div[3]/div/div/form/table/tbody/tr[2]/td[2]/button</arg>
<doc>Clicks the button identified by ``locator``.</doc>
<msg timestamp="20220410 22:27:29.961" level="INFO">Clicking button 'xpath=//html/body/div[3]/div/div/form/table/tbody/tr[2]/td[2]/button'.</msg>
<status status="PASS" starttime="20220410 22:27:29.959" endtime="20220410 22:27:30.965"/>
</kw>
<kw name="Sleep" library="BuiltIn">
<arg>2s</arg>
<doc>Pauses the test executed for the given time.</doc>
<msg timestamp="20220410 22:27:32.971" level="INFO">Slept 2 seconds</msg>
<status status="PASS" starttime="20220410 22:27:30.968" endtime="20220410 22:27:32.971"/>
</kw>
<kw name="Close Browser" library="SeleniumLibrary">
<doc>Closes the current browser.</doc>
<status status="PASS" starttime="20220410 22:27:32.971" endtime="20220410 22:27:35.226"/>
</kw>
<doc>This Test is used to Search a Patient</doc>
<tag>Admin with Patient</tag>
<status status="PASS" starttime="20220410 22:27:13.488" endtime="20220410 22:27:35.230"/>
</test>
<test id="s1-t5" name="5.Update Patient Details test" line="85">
<kw name="Open Browser" library="SeleniumLibrary">
<arg>${web_url}</arg>
<arg>chrome</arg>
<doc>Opens a new browser instance to the optional ``url``.</doc>
<msg timestamp="20220410 22:27:35.251" level="INFO">Opening browser 'chrome' to base url 'http://127.0.0.1:5000'.</msg>
<status status="PASS" starttime="20220410 22:27:35.248" endtime="20220410 22:27:39.820"/>
</kw>
<kw name="Maximize Browser Window" library="SeleniumLibrary">
<doc>Maximizes current browser window.</doc>
<status status="PASS" starttime="20220410 22:27:39.821" endtime="20220410 22:27:39.951"/>
</kw>
<kw name="Sleep" library="BuiltIn">
<arg>2s</arg>
<doc>Pauses the test executed for the given time.</doc>
<msg timestamp="20220410 22:27:41.959" level="INFO">Slept 2 seconds</msg>
<status status="PASS" starttime="20220410 22:27:39.953" endtime="20220410 22:27:41.960"/>
</kw>
<kw name="Test 1 admname">
<kw name="Input Text" library="SeleniumLibrary">
<arg>name:username</arg>
<arg>admin</arg>
<doc>Types the given ``text`` into the text field identified by ``locator``.</doc>
<msg timestamp="20220410 22:27:41.972" level="INFO">Typing text 'admin' into text field 'name:username'.</msg>
<status status="PASS" starttime="20220410 22:27:41.970" endtime="20220410 22:27:43.185"/>
</kw>
<status status="PASS" starttime="20220410 22:27:41.966" endtime="20220410 22:27:43.187"/>
</kw>
<kw name="Test 1 Admpass">
<kw name="Input Text" library="SeleniumLibrary">
<arg>name:password</arg>
<arg>12345</arg>
<doc>Types the given ``text`` into the text field identified by ``locator``.</doc>
<msg timestamp="20220410 22:27:43.199" level="INFO">Typing text '12345' into text field 'name:password'.</msg>
<status status="PASS" starttime="20220410 22:27:43.196" endtime="20220410 22:27:44.209"/>
</kw>
<status status="PASS" starttime="20220410 22:27:43.192" endtime="20220410 22:27:44.212"/>
</kw>
<kw name="Sleep" library="BuiltIn">
<arg>1s</arg>
<doc>Pauses the test executed for the given time.</doc>
<msg timestamp="20220410 22:27:45.219" level="INFO">Slept 1 second</msg>
<status status="PASS" starttime="20220410 22:27:44.216" endtime="20220410 22:27:45.220"/>
</kw>
<kw name="Click Button" library="SeleniumLibrary">
<arg>xpath=//html/body/div/div/div/form/table/tbody/tr[3]/td[2]/button</arg>
<doc>Clicks the button identified by ``locator``.</doc>
<msg timestamp="20220410 22:27:45.225" level="INFO">Clicking button 'xpath=//html/body/div/div/div/form/table/tbody/tr[3]/td[2]/button'.</msg>
<status status="PASS" starttime="20220410 22:27:45.223" endtime="20220410 22:27:45.722"/>
</kw>
<kw name="Sleep" library="BuiltIn">
<arg>1s</arg>
<doc>Pauses the test executed for the given time.</doc>
<msg timestamp="20220410 22:27:46.733" level="INFO">Slept 1 second</msg>
<status status="PASS" starttime="20220410 22:27:45.724" endtime="20220410 22:27:46.733"/>
</kw>
<kw name="Click Element" library="SeleniumLibrary">
<arg>xpath=//html/body/nav[2]/div/div/ul/li[4]/a</arg>
<doc>Click the element identified by ``locator``.</doc>
<msg timestamp="20220410 22:27:46.734" level="INFO">Clicking element 'xpath=//html/body/nav[2]/div/div/ul/li[4]/a'.</msg>
<status status="PASS" starttime="20220410 22:27:46.734" endtime="20220410 22:27:46.853"/>
</kw>
<kw name="Sleep" library="BuiltIn">
<arg>2s</arg>
<doc>Pauses the test executed for the given time.</doc>
<msg timestamp="20220410 22:27:48.869" level="INFO">Slept 2 seconds</msg>
<status status="PASS" starttime="20220410 22:27:46.854" endtime="20220410 22:27:48.870"/>
</kw>
<kw name="Test 5 MobileNumber">
<kw name="Input Text" library="SeleniumLibrary">
<arg>name:mobnumber</arg>
<arg>8220982267</arg>
<doc>Types the given ``text`` into the text field identified by ``locator``.</doc>
<msg timestamp="20220410 22:27:48.878" level="INFO">Typing text '8220982267' into text field 'name:mobnumber'.</msg>
<status status="PASS" starttime="20220410 22:27:48.876" endtime="20220410 22:27:49.789"/>
</kw>
<status status="PASS" starttime="20220410 22:27:48.873" endtime="20220410 22:27:49.791"/>
</kw>
<kw name="Sleep" library="BuiltIn">
<arg>1s</arg>
<doc>Pauses the test executed for the given time.</doc>
<msg timestamp="20220410 22:27:50.810" level="INFO">Slept 1 second</msg>
<status status="PASS" starttime="20220410 22:27:49.794" endtime="20220410 22:27:50.811"/>
</kw>
<kw name="Click Button" library="SeleniumLibrary">
<arg>xpath=//html/body/div/div/div/form/table/tbody/tr[2]/td[2]/button</arg>
<doc>Clicks the button identified by ``locator``.</doc>
<msg timestamp="20220410 22:27:50.821" level="INFO">Clicking button 'xpath=//html/body/div/div/div/form/table/tbody/tr[2]/td[2]/button'.</msg>
<status status="PASS" starttime="20220410 22:27:50.818" endtime="20220410 22:27:51.824"/>
</kw>
<kw name="Sleep" library="BuiltIn">
<arg>2s</arg>
<doc>Pauses the test executed for the given time.</doc>
<msg timestamp="20220410 22:27:53.845" level="INFO">Slept 2 seconds</msg>
<status status="PASS" starttime="20220410 22:27:51.829" endtime="20220410 22:27:53.845"/>
</kw>
<kw name="Test 5 Name">
<kw name="Input Text" library="SeleniumLibrary">
<arg>name:name</arg>
<arg>Rilvi</arg>
<doc>Types the given ``text`` into the text field identified by ``locator``.</doc>
<msg timestamp="20220410 22:27:53.846" level="INFO">Typing text 'Rilvi' into text field 'name:name'.</msg>
<status status="PASS" starttime="20220410 22:27:53.846" endtime="20220410 22:27:53.961"/>
</kw>
<status status="PASS" starttime="20220410 22:27:53.845" endtime="20220410 22:27:53.961"/>
</kw>
<kw name="Sleep" library="BuiltIn">
<arg>1s</arg>
<doc>Pauses the test executed for the given time.</doc>
<msg timestamp="20220410 22:27:54.962" level="INFO">Slept 1 second</msg>
<status status="PASS" starttime="20220410 22:27:53.961" endtime="20220410 22:27:54.963"/>
</kw>
<kw name="Test 5 MobileNumber">
<kw name="Input Text" library="SeleniumLibrary">
<arg>name:mobnumber</arg>
<arg>8220982267</arg>
<doc>Types the given ``text`` into the text field identified by ``locator``.</doc>
<msg timestamp="20220410 22:27:54.979" level="INFO">Typing text '8220982267' into text field 'name:mobnumber'.</msg>
<status status="PASS" starttime="20220410 22:27:54.975" endtime="20220410 22:27:56.134"/>
</kw>
<status status="PASS" starttime="20220410 22:27:54.971" endtime="20220410 22:27:56.135"/>
</kw>
<kw name="Sleep" library="BuiltIn">
<arg>1s</arg>
<doc>Pauses the test executed for the given time.</doc>
<msg timestamp="20220410 22:27:57.147" level="INFO">Slept 1 second</msg>
<status status="PASS" starttime="20220410 22:27:56.140" endtime="20220410 22:27:57.148"/>
</kw>
<kw name="Test 5 Age">
<kw name="Input Text" library="SeleniumLibrary">
<arg>name:age</arg>
<arg>23</arg>
<doc>Types the given ``text`` into the text field identified by ``locator``.</doc>
<msg timestamp="20220410 22:27:57.156" level="INFO">Typing text '23' into text field 'name:age'.</msg>
<status status="PASS" starttime="20220410 22:27:57.154" endtime="20220410 22:27:57.953"/>
</kw>
<status status="PASS" starttime="20220410 22:27:57.151" endtime="20220410 22:27:57.954"/>
</kw>
<kw name="Sleep" library="BuiltIn">
<arg>1s</arg>
<doc>Pauses the test executed for the given time.</doc>
<msg timestamp="20220410 22:27:58.973" level="INFO">Slept 1 second</msg>
<status status="PASS" starttime="20220410 22:27:57.958" endtime="20220410 22:27:58.974"/>
</kw>
<kw name="Test 5 Address">
<kw name="Input Text" library="SeleniumLibrary">
<arg>name:address</arg>
<arg>35</arg>
<doc>Types the given ``text`` into the text field identified by ``locator``.</doc>
<msg timestamp="20220410 22:27:58.981" level="INFO">Typing text '35' into text field 'name:address'.</msg>
<status status="PASS" starttime="20220410 22:27:58.979" endtime="20220410 22:27:59.547"/>
</kw>
<status status="PASS" starttime="20220410 22:27:58.976" endtime="20220410 22:27:59.548"/>
</kw>
<kw name="Sleep" library="BuiltIn">
<arg>1s</arg>
<doc>Pauses the test executed for the given time.</doc>
<msg timestamp="20220410 22:28:00.555" level="INFO">Slept 1 second</msg>
<status status="PASS" starttime="20220410 22:27:59.548" endtime="20220410 22:28:00.555"/>
</kw>
<kw name="Test 5 Dob">
<kw name="Input Text" library="SeleniumLibrary">
<arg>name:dob</arg>
<arg>28-12-1998</arg>
<doc>Types the given ``text`` into the text field identified by ``locator``.</doc>
<msg timestamp="20220410 22:28:00.558" level="INFO">Typing text '28-12-1998' into text field 'name:dob'.</msg>
<status status="PASS" starttime="20220410 22:28:00.557" endtime="20220410 22:28:00.734"/>
</kw>
<status status="PASS" starttime="20220410 22:28:00.556" endtime="20220410 22:28:00.734"/>
</kw>
<kw name="Sleep" library="BuiltIn">
<arg>1s</arg>
<doc>Pauses the test executed for the given time.</doc>
<msg timestamp="20220410 22:28:01.740" level="INFO">Slept 1 second</msg>
<status status="PASS" starttime="20220410 22:28:00.734" endtime="20220410 22:28:01.740"/>
</kw>
<kw name="Test 5 Place">
<kw name="Input Text" library="SeleniumLibrary">
<arg>name:place</arg>
<arg>Pallapatti</arg>
<doc>Types the given ``text`` into the text field identified by ``locator``.</doc>
<msg timestamp="20220410 22:28:01.743" level="INFO">Typing text 'Pallapatti' into text field 'name:place'.</msg>
<status status="PASS" starttime="20220410 22:28:01.742" endtime="20220410 22:28:02.021"/>
</kw>
<status status="PASS" starttime="20220410 22:28:01.741" endtime="20220410 22:28:02.022"/>
</kw>
<kw name="Sleep" library="BuiltIn">
<arg>1s</arg>
<doc>Pauses the test executed for the given time.</doc>
<msg timestamp="20220410 22:28:03.033" level="INFO">Slept 1 second</msg>
<status status="PASS" starttime="20220410 22:28:02.023" endtime="20220410 22:28:03.033"/>
</kw>
<kw name="Test 5 Pincode">
<kw name="Input Text" library="SeleniumLibrary">
<arg>name:pincode</arg>
<arg>635207</arg>
<doc>Types the given ``text`` into the text field identified by ``locator``.</doc>
<msg timestamp="20220410 22:28:03.036" level="INFO">Typing text '635207' into text field 'name:pincode'.</msg>
<status status="PASS" starttime="20220410 22:28:03.035" endtime="20220410 22:28:03.138"/>
</kw>
<status status="PASS" starttime="20220410 22:28:03.034" endtime="20220410 22:28:03.139"/>
</kw>
<kw name="Sleep" library="BuiltIn">
<arg>1s</arg>
<doc>Pauses the test executed for the given time.</doc>
<msg timestamp="20220410 22:28:04.140" level="INFO">Slept 1 second</msg>
<status status="PASS" starttime="20220410 22:28:03.139" endtime="20220410 22:28:04.140"/>
</kw>
<kw name="Click Button" library="SeleniumLibrary">
<arg>xpath=//html/body/div/div/div/form/table/tbody/tr[8]/td[2]/button</arg>
<doc>Clicks the button identified by ``locator``.</doc>
<msg timestamp="20220410 22:28:04.142" level="INFO">Clicking button 'xpath=//html/body/div/div/div/form/table/tbody/tr[8]/td[2]/button'.</msg>
<status status="PASS" starttime="20220410 22:28:04.141" endtime="20220410 22:28:04.359"/>
</kw>
<kw name="Sleep" library="BuiltIn">
<arg>2s</arg>
<doc>Pauses the test executed for the given time.</doc>
<msg timestamp="20220410 22:28:06.373" level="INFO">Slept 2 seconds</msg>
<status status="PASS" starttime="20220410 22:28:04.360" endtime="20220410 22:28:06.373"/>
</kw>
<kw name="Close Browser" library="SeleniumLibrary">
<doc>Closes the current browser.</doc>
<status status="PASS" starttime="20220410 22:28:06.374" endtime="20220410 22:28:08.684"/>
</kw>
<doc>This Test is used to Edit Patient Details</doc>
<tag>Admin Details</tag>
<status status="PASS" starttime="20220410 22:27:35.240" endtime="20220410 22:28:08.685"/>
</test>
<test id="s1-t6" name="6.Delete Patient Test" line="120">
<kw name="Open Browser" library="SeleniumLibrary">
<arg>${web_url}</arg>
<arg>chrome</arg>
<doc>Opens a new browser instance to the optional ``url``.</doc>
<msg timestamp="20220410 22:28:08.689" level="INFO">Opening browser 'chrome' to base url 'http://127.0.0.1:5000'.</msg>
<status status="PASS" starttime="20220410 22:28:08.689" endtime="20220410 22:28:10.562"/>
</kw>
<kw name="Maximize Browser Window" library="SeleniumLibrary">
<doc>Maximizes current browser window.</doc>
<status status="PASS" starttime="20220410 22:28:10.563" endtime="20220410 22:28:10.693"/>
</kw>
<kw name="Sleep" library="BuiltIn">
<arg>2s</arg>
<doc>Pauses the test executed for the given time.</doc>
<msg timestamp="20220410 22:28:12.701" level="INFO">Slept 2 seconds</msg>
<status status="PASS" starttime="20220410 22:28:10.695" endtime="20220410 22:28:12.702"/>
</kw>
<kw name="Test 1 admname">
<kw name="Input Text" library="SeleniumLibrary">
<arg>name:username</arg>
<arg>admin</arg>
<doc>Types the given ``text`` into the text field identified by ``locator``.</doc>
<msg timestamp="20220410 22:28:12.713" level="INFO">Typing text 'admin' into text field 'name:username'.</msg>
<status status="PASS" starttime="20220410 22:28:12.711" endtime="20220410 22:28:13.805"/>
</kw>
<status status="PASS" starttime="20220410 22:28:12.707" endtime="20220410 22:28:13.807"/>
</kw>
<kw name="Test 1 Admpass">
<kw name="Input Text" library="SeleniumLibrary">
<arg>name:password</arg>
<arg>12345</arg>
<doc>Types the given ``text`` into the text field identified by ``locator``.</doc>
<msg timestamp="20220410 22:28:13.816" level="INFO">Typing text '12345' into text field 'name:password'.</msg>
<status status="PASS" starttime="20220410 22:28:13.813" endtime="20220410 22:28:15.181"/>
</kw>
<status status="PASS" starttime="20220410 22:28:13.809" endtime="20220410 22:28:15.183"/>
</kw>
<kw name="Sleep" library="BuiltIn">
<arg>1s</arg>
<doc>Pauses the test executed for the given time.</doc>
<msg timestamp="20220410 22:28:16.213" level="INFO">Slept 1 second</msg>
<status status="PASS" starttime="20220410 22:28:15.187" endtime="20220410 22:28:16.214"/>
</kw>
<kw name="Click Button" library="SeleniumLibrary">
<arg>xpath=//html/body/div/div/div/form/table/tbody/tr[3]/td[2]/button</arg>
<doc>Clicks the button identified by ``locator``.</doc>
<msg timestamp="20220410 22:28:16.240" level="INFO">Clicking button 'xpath=//html/body/div/div/div/form/table/tbody/tr[3]/td[2]/button'.</msg>
<status status="PASS" starttime="20220410 22:28:16.232" endtime="20220410 22:28:16.691"/>
</kw>
<kw name="Sleep" library="BuiltIn">
<arg>1s</arg>
<doc>Pauses the test executed for the given time.</doc>
<msg timestamp="20220410 22:28:17.705" level="INFO">Slept 1 second</msg>
<status status="PASS" starttime="20220410 22:28:16.693" endtime="20220410 22:28:17.705"/>
</kw>
<kw name="Click Element" library="SeleniumLibrary">
<arg>xpath=//html/body/nav[2]/div/div/ul/li[5]/a</arg>
<doc>Click the element identified by ``locator``.</doc>
<msg timestamp="20220410 22:28:17.706" level="INFO">Clicking element 'xpath=//html/body/nav[2]/div/div/ul/li[5]/a'.</msg>
<status status="PASS" starttime="20220410 22:28:17.706" endtime="20220410 22:28:17.825"/>
</kw>
<kw name="Sleep" library="BuiltIn">
<arg>2s</arg>
<doc>Pauses the test executed for the given time.</doc>
<msg timestamp="20220410 22:28:19.848" level="INFO">Slept 2 seconds</msg>
<status status="PASS" starttime="20220410 22:28:17.834" endtime="20220410 22:28:19.849"/>
</kw>
<kw name="Test 2 MobileNumber">
<kw name="Input Text" library="SeleniumLibrary">
<arg>name:mobnumber</arg>
<arg>9345678021</arg>
<doc>Types the given ``text`` into the text field identified by ``locator``.</doc>
<msg timestamp="20220410 22:28:19.858" level="INFO">Typing text '9345678021' into text field 'name:mobnumber'.</msg>
<status status="PASS" starttime="20220410 22:28:19.855" endtime="20220410 22:28:21.009"/>
</kw>
<status status="PASS" starttime="20220410 22:28:19.853" endtime="20220410 22:28:21.011"/>
</kw>
<kw name="Sleep" library="BuiltIn">
<arg>1s</arg>
<doc>Pauses the test executed for the given time.</doc>
<msg timestamp="20220410 22:28:22.029" level="INFO">Slept 1 second</msg>
<status status="PASS" starttime="20220410 22:28:21.021" endtime="20220410 22:28:22.030"/>
</kw>
<kw name="Click Button" library="SeleniumLibrary">
<arg>xpath=//html/body/div/div/div/form/table/tbody/tr[2]/td[2]/button</arg>
<doc>Clicks the button identified by ``locator``.</doc>
<msg timestamp="20220410 22:28:22.040" level="INFO">Clicking button 'xpath=//html/body/div/div/div/form/table/tbody/tr[2]/td[2]/button'.</msg>
<status status="PASS" starttime="20220410 22:28:22.037" endtime="20220410 22:28:23.481"/>
</kw>
<kw name="Sleep" library="BuiltIn">
<arg>2s</arg>
<doc>Pauses the test executed for the given time.</doc>
<msg timestamp="20220410 22:28:25.500" level="INFO">Slept 2 seconds</msg>
<status status="PASS" starttime="20220410 22:28:23.485" endtime="20220410 22:28:25.501"/>
</kw>
<kw name="Close Browser" library="SeleniumLibrary">
<doc>Closes the current browser.</doc>
<status status="PASS" starttime="20220410 22:28:25.503" endtime="20220410 22:28:33.184"/>
</kw>
<doc>This Test is used to Delete a Patient</doc>
<tag>Admin Delete</tag>
<status status="PASS" starttime="20220410 22:28:08.687" endtime="20220410 22:28:33.186"/>
</test>
<test id="s1-t7" name="7.Admin Logout Page" line="139">
<kw name="Open Browser" library="SeleniumLibrary">
<arg>${web_url}</arg>
<arg>chrome</arg>
<doc>Opens a new browser instance to the optional ``url``.</doc>
<msg timestamp="20220410 22:28:33.191" level="INFO">Opening browser 'chrome' to base url 'http://127.0.0.1:5000'.</msg>
<status status="PASS" starttime="20220410 22:28:33.190" endtime="20220410 22:28:35.187"/>
</kw>
<kw name="Maximize Browser Window" library="SeleniumLibrary">
<doc>Maximizes current browser window.</doc>
<status status="PASS" starttime="20220410 22:28:35.188" endtime="20220410 22:28:35.324"/>
</kw>
<kw name="Sleep" library="BuiltIn">
<arg>2s</arg>
<doc>Pauses the test executed for the given time.</doc>
<msg timestamp="20220410 22:28:37.326" level="INFO">Slept 2 seconds</msg>
<status status="PASS" starttime="20220410 22:28:35.326" endtime="20220410 22:28:37.328"/>
</kw>
<kw name="Test 1 admname">
<kw name="Input Text" library="SeleniumLibrary">
<arg>name:username</arg>
<arg>admin</arg>
<doc>Types the given ``text`` into the text field identified by ``locator``.</doc>
<msg timestamp="20220410 22:28:37.339" level="INFO">Typing text 'admin' into text field 'name:username'.</msg>
<status status="PASS" starttime="20220410 22:28:37.337" endtime="20220410 22:28:38.327"/>
</kw>
<status status="PASS" starttime="20220410 22:28:37.333" endtime="20220410 22:28:38.329"/>
</kw>
<kw name="Test 1 Admpass">
<kw name="Input Text" library="SeleniumLibrary">
<arg>name:password</arg>
<arg>12345</arg>
<doc>Types the given ``text`` into the text field identified by ``locator``.</doc>
<msg timestamp="20220410 22:28:38.347" level="INFO">Typing text '12345' into text field 'name:password'.</msg>
<status status="PASS" starttime="20220410 22:28:38.344" endtime="20220410 22:28:39.300"/>
</kw>
<status status="PASS" starttime="20220410 22:28:38.342" endtime="20220410 22:28:39.302"/>
</kw>
<kw name="Sleep" library="BuiltIn">
<arg>1s</arg>
<doc>Pauses the test executed for the given time.</doc>
<msg timestamp="20220410 22:28:40.330" level="INFO">Slept 1 second</msg>
<status status="PASS" starttime="20220410 22:28:39.320" endtime="20220410 22:28:40.332"/>
</kw>
<kw name="Click Button" library="SeleniumLibrary">
<arg>xpath=//html/body/div/div/div/form/table/tbody/tr[3]/td[2]/button</arg>
<doc>Clicks the button identified by ``locator``.</doc>
<msg timestamp="20220410 22:28:40.338" level="INFO">Clicking button 'xpath=//html/body/div/div/div/form/table/tbody/tr[3]/td[2]/button'.</msg>
<status status="PASS" starttime="20220410 22:28:40.336" endtime="20220410 22:28:40.647"/>
</kw>
<kw name="Sleep" library="BuiltIn">
<arg>1s</arg>
<doc>Pauses the test executed for the given time.</doc>
<msg timestamp="20220410 22:28:41.655" level="INFO">Slept 1 second</msg>
<status status="PASS" starttime="20220410 22:28:40.648" endtime="20220410 22:28:41.655"/>
</kw>
<kw name="Click Element" library="SeleniumLibrary">
<arg>xpath=//html/body/nav[2]/div/div/ul/li[6]/a</arg>
<doc>Click the element identified by ``locator``.</doc>
<msg timestamp="20220410 22:28:41.657" level="INFO">Clicking element 'xpath=//html/body/nav[2]/div/div/ul/li[6]/a'.</msg>
<status status="PASS" starttime="20220410 22:28:41.656" endtime="20220410 22:28:41.800"/>
</kw>
<kw name="Sleep" library="BuiltIn">
<arg>2s</arg>
<doc>Pauses the test executed for the given time.</doc>
<msg timestamp="20220410 22:28:43.815" level="INFO">Slept 2 seconds</msg>
<status status="PASS" starttime="20220410 22:28:41.804" endtime="20220410 22:28:43.816"/>
</kw>
<kw name="Close Browser" library="SeleniumLibrary">
<doc>Closes the current browser.</doc>
<status status="PASS" starttime="20220410 22:28:43.826" endtime="20220410 22:28:50.350"/>
</kw>
<doc>This Test is used for Admin to Logout</doc>
<tag>Admin Logout</tag>
<status status="PASS" starttime="20220410 22:28:33.189" endtime="20220410 22:28:50.357"/>
</test>
<status status="PASS" starttime="20220410 22:26:11.522" endtime="20220410 22:28:50.371"/>
</suite>
<statistics>
<total>
<stat pass="7" fail="0" skip="0">All Tests</stat>
</total>
<tag>
<stat pass="3" fail="0" skip="0">Admin</stat>
<stat pass="1" fail="0" skip="0">Admin Delete</stat>
<stat pass="1" fail="0" skip="0">Admin Details</stat>
<stat pass="1" fail="0" skip="0">Admin Logout</stat>
<stat pass="1" fail="0" skip="0">Admin with Patient</stat>
</tag>
<suite>
<stat pass="7" fail="0" skip="0" id="s1" name="Hosp">Hosp</stat>
</suite>
</statistics>
<errors>
</errors>
</robot>
